<?xml version="1.0" encoding="UTF-8"?>
<!-- Generated by org.testng.reporters.JUnitXMLReporter -->
<testsuite ignored="0" hostname="TTNPL-lavishakapoor" failures="1" tests="2" name="Bankin Login Test" time="7.298" errors="0" timestamp="18 May 2023 10:55:05 GMT">
  <testcase classname="com.demoFramework_v1.testCases.TC_LoginTest_01" name="LoginTestCase" time="4.639"/>
  <testcase classname="com.demoFramework_v1.testCases.TC_LoginTest_01" name="LoginTestCase" time="4.645">
    <failure type="java.lang.NullPointerException" message="Cannot invoke &amp;quot;com.aventstack.extentreports.ExtentReports.createTest(String)&amp;quot; because &amp;quot;com.demoFramework_v1.utilities.Reporting.extent&amp;quot; is null">
      <![CDATA[java.lang.NullPointerException: Cannot invoke "com.aventstack.extentreports.ExtentReports.createTest(String)" because "com.demoFramework_v1.utilities.Reporting.extent" is null
at com.demoFramework_v1.utilities.Reporting.onTestSuccess(Reporting.java:54)
... Removed 22 stack frames]]>
    </failure>
  </testcase> <!-- LoginTestCase -->
</testsuite> <!-- Bankin Login Test -->
